{"total": {"lines":{"total":568,"covered":404,"skipped":0,"pct":71.12},"statements":{"total":575,"covered":405,"skipped":0,"pct":70.43},"functions":{"total":64,"covered":39,"skipped":0,"pct":60.93},"branches":{"total":249,"covered":162,"skipped":0,"pct":65.06},"branchesTrue":{"total":0,"covered":0,"skipped":0,"pct":100}}
,"E:\\WebProjects\\VideoStack\\server\\app.js": {"lines":{"total":27,"covered":14,"skipped":0,"pct":51.85},"functions":{"total":5,"covered":1,"skipped":0,"pct":20},"statements":{"total":28,"covered":14,"skipped":0,"pct":50},"branches":{"total":10,"covered":0,"skipped":0,"pct":0}}
,"E:\\WebProjects\\VideoStack\\server\\controller\\auth.controller.js": {"lines":{"total":100,"covered":97,"skipped":0,"pct":97},"functions":{"total":7,"covered":7,"skipped":0,"pct":100},"statements":{"total":100,"covered":97,"skipped":0,"pct":97},"branches":{"total":42,"covered":37,"skipped":0,"pct":88.09}}
,"E:\\WebProjects\\VideoStack\\server\\controller\\videoProcessing.controller.js": {"lines":{"total":24,"covered":24,"skipped":0,"pct":100},"functions":{"total":2,"covered":2,"skipped":0,"pct":100},"statements":{"total":24,"covered":24,"skipped":0,"pct":100},"branches":{"total":17,"covered":14,"skipped":0,"pct":82.35}}
,"E:\\WebProjects\\VideoStack\\server\\controller\\videos.controller.js": {"lines":{"total":77,"covered":45,"skipped":0,"pct":58.44},"functions":{"total":6,"covered":3,"skipped":0,"pct":50},"statements":{"total":77,"covered":45,"skipped":0,"pct":58.44},"branches":{"total":36,"covered":20,"skipped":0,"pct":55.55}}
,"E:\\WebProjects\\VideoStack\\server\\middlewares\\auth.middleware.js": {"lines":{"total":12,"covered":11,"skipped":0,"pct":91.66},"functions":{"total":1,"covered":1,"skipped":0,"pct":100},"statements":{"total":12,"covered":11,"skipped":0,"pct":91.66},"branches":{"total":6,"covered":5,"skipped":0,"pct":83.33}}
,"E:\\WebProjects\\VideoStack\\server\\middlewares\\errorHandler.middleware.js": {"lines":{"total":41,"covered":41,"skipped":0,"pct":100},"functions":{"total":2,"covered":2,"skipped":0,"pct":100},"statements":{"total":42,"covered":42,"skipped":0,"pct":100},"branches":{"total":33,"covered":30,"skipped":0,"pct":90.9}}
,"E:\\WebProjects\\VideoStack\\server\\middlewares\\multer.middleware.js": {"lines":{"total":8,"covered":4,"skipped":0,"pct":50},"functions":{"total":1,"covered":0,"skipped":0,"pct":0},"statements":{"total":8,"covered":4,"skipped":0,"pct":50},"branches":{"total":10,"covered":3,"skipped":0,"pct":30}}
,"E:\\WebProjects\\VideoStack\\server\\services\\ffmpegServices\\argsGenerator.js": {"lines":{"total":31,"covered":5,"skipped":0,"pct":16.12},"functions":{"total":1,"covered":0,"skipped":0,"pct":0},"statements":{"total":31,"covered":5,"skipped":0,"pct":16.12},"branches":{"total":16,"covered":0,"skipped":0,"pct":0}}
,"E:\\WebProjects\\VideoStack\\server\\services\\ffmpegServices\\ffmpegRunner.js": {"lines":{"total":20,"covered":17,"skipped":0,"pct":85},"functions":{"total":6,"covered":5,"skipped":0,"pct":83.33},"statements":{"total":21,"covered":17,"skipped":0,"pct":80.95},"branches":{"total":9,"covered":5,"skipped":0,"pct":55.55}}
,"E:\\WebProjects\\VideoStack\\server\\services\\ffmpegServices\\testHLS.js": {"lines":{"total":3,"covered":0,"skipped":0,"pct":0},"functions":{"total":0,"covered":0,"skipped":0,"pct":100},"statements":{"total":3,"covered":0,"skipped":0,"pct":0},"branches":{"total":0,"covered":0,"skipped":0,"pct":100}}
,"E:\\WebProjects\\VideoStack\\server\\services\\ffmpegServices\\validateMedia.js": {"lines":{"total":28,"covered":23,"skipped":0,"pct":82.14},"functions":{"total":8,"covered":6,"skipped":0,"pct":75},"statements":{"total":28,"covered":23,"skipped":0,"pct":82.14},"branches":{"total":8,"covered":6,"skipped":0,"pct":75}}
,"E:\\WebProjects\\VideoStack\\server\\services\\ffmpegServices\\videoPresets.js": {"lines":{"total":10,"covered":0,"skipped":0,"pct":0},"functions":{"total":1,"covered":0,"skipped":0,"pct":0},"statements":{"total":10,"covered":0,"skipped":0,"pct":0},"branches":{"total":0,"covered":0,"skipped":0,"pct":100}}
,"E:\\WebProjects\\VideoStack\\server\\services\\jwt\\jwtServices.js": {"lines":{"total":23,"covered":16,"skipped":0,"pct":69.56},"functions":{"total":3,"covered":3,"skipped":0,"pct":100},"statements":{"total":23,"covered":16,"skipped":0,"pct":69.56},"branches":{"total":6,"covered":3,"skipped":0,"pct":50}}
,"E:\\WebProjects\\VideoStack\\server\\services\\storageServices\\uploadToObjectStorage.js": {"lines":{"total":24,"covered":0,"skipped":0,"pct":0},"functions":{"total":6,"covered":0,"skipped":0,"pct":0},"statements":{"total":26,"covered":0,"skipped":0,"pct":0},"branches":{"total":4,"covered":0,"skipped":0,"pct":0}}
,"E:\\WebProjects\\VideoStack\\server\\utils\\AppError.js": {"lines":{"total":5,"covered":5,"skipped":0,"pct":100},"functions":{"total":1,"covered":1,"skipped":0,"pct":100},"statements":{"total":5,"covered":5,"skipped":0,"pct":100},"branches":{"total":1,"covered":1,"skipped":0,"pct":100}}
,"E:\\WebProjects\\VideoStack\\server\\utils\\cleanUpHandler.js": {"lines":{"total":6,"covered":0,"skipped":0,"pct":0},"functions":{"total":1,"covered":0,"skipped":0,"pct":0},"statements":{"total":7,"covered":0,"skipped":0,"pct":0},"branches":{"total":2,"covered":0,"skipped":0,"pct":0}}
,"E:\\WebProjects\\VideoStack\\server\\utils\\debugLog.js": {"lines":{"total":5,"covered":2,"skipped":0,"pct":40},"functions":{"total":1,"covered":1,"skipped":0,"pct":100},"statements":{"total":5,"covered":2,"skipped":0,"pct":40},"branches":{"total":7,"covered":2,"skipped":0,"pct":28.57}}
,"E:\\WebProjects\\VideoStack\\server\\utils\\formatDate.js": {"lines":{"total":4,"covered":4,"skipped":0,"pct":100},"functions":{"total":1,"covered":1,"skipped":0,"pct":100},"statements":{"total":4,"covered":4,"skipped":0,"pct":100},"branches":{"total":0,"covered":0,"skipped":0,"pct":100}}
,"E:\\WebProjects\\VideoStack\\server\\utils\\responseHandler.js": {"lines":{"total":4,"covered":4,"skipped":0,"pct":100},"functions":{"total":2,"covered":2,"skipped":0,"pct":100},"statements":{"total":4,"covered":4,"skipped":0,"pct":100},"branches":{"total":2,"covered":2,"skipped":0,"pct":100}}
,"E:\\WebProjects\\VideoStack\\server\\utils\\validateData.js": {"lines":{"total":49,"covered":49,"skipped":0,"pct":100},"functions":{"total":2,"covered":2,"skipped":0,"pct":100},"statements":{"total":49,"covered":49,"skipped":0,"pct":100},"branches":{"total":30,"covered":30,"skipped":0,"pct":100}}
,"E:\\WebProjects\\VideoStack\\server\\workers\\index.js": {"lines":{"total":9,"covered":0,"skipped":0,"pct":0},"functions":{"total":1,"covered":0,"skipped":0,"pct":0},"statements":{"total":9,"covered":0,"skipped":0,"pct":0},"branches":{"total":0,"covered":0,"skipped":0,"pct":100}}
,"E:\\WebProjects\\VideoStack\\server\\workers\\video.worker.js": {"lines":{"total":58,"covered":43,"skipped":0,"pct":74.13},"functions":{"total":6,"covered":2,"skipped":0,"pct":33.33},"statements":{"total":59,"covered":43,"skipped":0,"pct":72.88},"branches":{"total":10,"covered":4,"skipped":0,"pct":40}}
}
